<?xml version="1.0" encoding="UTF-8"?>
<robot generator="Robot 5.0.1 (Python 3.8.0 on darwin)" generated="20230808 17:32:45.352" rpa="false" schemaversion="3">
<suite id="s1" name="Tests" source="/Users/AMN/Documents/leandro/bootcamp_Prime/tests">
<suite id="s1-s1" name="primeDesafio2" source="/Users/AMN/Documents/leandro/bootcamp_Prime/tests/primeDesafio2.robot">
<test id="s1-s1-t1" name="CT001 - Exercício Dicionário" line="5">
<kw name="Exibir dicionario" library="primeDesafio2KW">
<for flavor="IN">
<var>${PESSOA}</var>
<value>&amp;{PESSOA}</value>
<iter>
<var name="${PESSOA}">('nome', 'Leandro Nunes')</var>
<kw name="Log To Console" library="BuiltIn">
<arg>${PESSOA}</arg>
<doc>Logs the given message to the console.</doc>
<status status="PASS" starttime="20230808 17:32:46.228" endtime="20230808 17:32:46.229"/>
</kw>
<status status="PASS" starttime="20230808 17:32:46.228" endtime="20230808 17:32:46.229"/>
</iter>
<iter>
<var name="${PESSOA}">('idade', '19')</var>
<kw name="Log To Console" library="BuiltIn">
<arg>${PESSOA}</arg>
<doc>Logs the given message to the console.</doc>
<status status="PASS" starttime="20230808 17:32:46.229" endtime="20230808 17:32:46.229"/>
</kw>
<status status="PASS" starttime="20230808 17:32:46.229" endtime="20230808 17:32:46.229"/>
</iter>
<iter>
<var name="${PESSOA}">('rua', 'Candido Fontoura')</var>
<kw name="Log To Console" library="BuiltIn">
<arg>${PESSOA}</arg>
<doc>Logs the given message to the console.</doc>
<status status="PASS" starttime="20230808 17:32:46.230" endtime="20230808 17:32:46.230"/>
</kw>
<status status="PASS" starttime="20230808 17:32:46.229" endtime="20230808 17:32:46.230"/>
</iter>
<iter>
<var name="${PESSOA}">('numero', ' 575')</var>
<kw name="Log To Console" library="BuiltIn">
<arg>${PESSOA}</arg>
<doc>Logs the given message to the console.</doc>
<status status="PASS" starttime="20230808 17:32:46.231" endtime="20230808 17:32:46.231"/>
</kw>
<status status="PASS" starttime="20230808 17:32:46.230" endtime="20230808 17:32:46.231"/>
</iter>
<iter>
<var name="${PESSOA}">('cep', '05583070')</var>
<kw name="Log To Console" library="BuiltIn">
<arg>${PESSOA}</arg>
<doc>Logs the given message to the console.</doc>
<status status="PASS" starttime="20230808 17:32:46.231" endtime="20230808 17:32:46.232"/>
</kw>
<status status="PASS" starttime="20230808 17:32:46.231" endtime="20230808 17:32:46.232"/>
</iter>
<iter>
<var name="${PESSOA}">('bairro', 'Jd. Boa Vista')</var>
<kw name="Log To Console" library="BuiltIn">
<arg>${PESSOA}</arg>
<doc>Logs the given message to the console.</doc>
<status status="PASS" starttime="20230808 17:32:46.232" endtime="20230808 17:32:46.233"/>
</kw>
<status status="PASS" starttime="20230808 17:32:46.232" endtime="20230808 17:32:46.233"/>
</iter>
<iter>
<var name="${PESSOA}">('cidade', 'São Paulo')</var>
<kw name="Log To Console" library="BuiltIn">
<arg>${PESSOA}</arg>
<doc>Logs the given message to the console.</doc>
<status status="PASS" starttime="20230808 17:32:46.233" endtime="20230808 17:32:46.234"/>
</kw>
<status status="PASS" starttime="20230808 17:32:46.233" endtime="20230808 17:32:46.234"/>
</iter>
<iter>
<var name="${PESSOA}">('estado', 'SP')</var>
<kw name="Log To Console" library="BuiltIn">
<arg>${PESSOA}</arg>
<doc>Logs the given message to the console.</doc>
<status status="PASS" starttime="20230808 17:32:46.234" endtime="20230808 17:32:46.234"/>
</kw>
<status status="PASS" starttime="20230808 17:32:46.234" endtime="20230808 17:32:46.235"/>
</iter>
<status status="PASS" starttime="20230808 17:32:46.228" endtime="20230808 17:32:46.235"/>
</for>
<status status="PASS" starttime="20230808 17:32:46.227" endtime="20230808 17:32:46.235"/>
</kw>
<doc>Exibir nome, idade, rua, numero, cep, bairro, cidade e estado no console a partir de um dicionário</doc>
<tag>ex1</tag>
<tag>smoke</tag>
<status status="PASS" starttime="20230808 17:32:46.225" endtime="20230808 17:32:46.235"/>
</test>
<test id="s1-s1-t2" name="CT002 - Exercício Argumentos e Retornos + If Simples" line="10">
<kw name="Verificar ${IDADE} da pessoa" library="primeDesafio2KW" sourcename="Verificar ${IDADE} da pessoa">
<kw name="Evaluate" library="BuiltIn">
<var>${DATA_NASC}</var>
<arg>${ANO_ATUAL} - ${IDADE}</arg>
<doc>Evaluates the given expression in Python and returns the result.</doc>
<msg timestamp="20230808 17:32:46.239" level="INFO">${DATA_NASC} = 2008</msg>
<status status="PASS" starttime="20230808 17:32:46.239" endtime="20230808 17:32:46.239"/>
</kw>
<if>
<branch type="IF" condition="${DATA_NASC} &lt; ${ANO2000}">
<kw name="Log To Console" library="BuiltIn">
<arg>"nasceu antes de 2000"</arg>
<doc>Logs the given message to the console.</doc>
<status status="NOT RUN" starttime="20230808 17:32:46.240" endtime="20230808 17:32:46.240"/>
</kw>
<kw name="Log" library="BuiltIn">
<arg>"nasceu antes de 2000"</arg>
<doc>Logs the given message with the given level.</doc>
<status status="NOT RUN" starttime="20230808 17:32:46.240" endtime="20230808 17:32:46.240"/>
</kw>
<status status="NOT RUN" starttime="20230808 17:32:46.240" endtime="20230808 17:32:46.240"/>
</branch>
<branch type="ELSE">
<kw name="Log To Console" library="BuiltIn">
<arg>"nasceu depois de 2000"</arg>
<doc>Logs the given message to the console.</doc>
<status status="PASS" starttime="20230808 17:32:46.240" endtime="20230808 17:32:46.241"/>
</kw>
<kw name="Log" library="BuiltIn">
<arg>"nasceu depois de 2000"</arg>
<doc>Logs the given message with the given level.</doc>
<msg timestamp="20230808 17:32:46.241" level="INFO">"nasceu depois de 2000"</msg>
<status status="PASS" starttime="20230808 17:32:46.241" endtime="20230808 17:32:46.242"/>
</kw>
<status status="PASS" starttime="20230808 17:32:46.240" endtime="20230808 17:32:46.242"/>
</branch>
<status status="PASS" starttime="20230808 17:32:46.239" endtime="20230808 17:32:46.242"/>
</if>
<status status="PASS" starttime="20230808 17:32:46.238" endtime="20230808 17:32:46.242"/>
</kw>
<doc>Criar uma keyword que receba idade e retorne o ano de nascimento
Se o ano for menor que 2000, exibir mensagem dizendo que nasceu no século passado</doc>
<tag>ex2</tag>
<tag>smoke</tag>
<status status="PASS" starttime="20230808 17:32:46.236" endtime="20230808 17:32:46.242"/>
</test>
<test id="s1-s1-t3" name="CT003 - Exercício For Simples + Lista" line="16">
<kw name="Exibir lista de frutas" library="primeDesafio2KW">
<for flavor="IN">
<var>${FRUTAS}</var>
<value>@{FRUTAS}</value>
<iter>
<var name="${FRUTAS}">vazio</var>
<kw name="Log To Console" library="BuiltIn">
<arg>"sua fruta é: ${FRUTAS}"</arg>
<doc>Logs the given message to the console.</doc>
<status status="PASS" starttime="20230808 17:32:46.245" endtime="20230808 17:32:46.246"/>
</kw>
<kw name="Log" library="BuiltIn">
<arg>"sua fruta é: ${FRUTAS}"</arg>
<doc>Logs the given message with the given level.</doc>
<msg timestamp="20230808 17:32:46.247" level="INFO">"sua fruta é: vazio"</msg>
<status status="PASS" starttime="20230808 17:32:46.246" endtime="20230808 17:32:46.247"/>
</kw>
<status status="PASS" starttime="20230808 17:32:46.245" endtime="20230808 17:32:46.247"/>
</iter>
<iter>
<var name="${FRUTAS}">maca</var>
<kw name="Log To Console" library="BuiltIn">
<arg>"sua fruta é: ${FRUTAS}"</arg>
<doc>Logs the given message to the console.</doc>
<status status="PASS" starttime="20230808 17:32:46.247" endtime="20230808 17:32:46.248"/>
</kw>
<kw name="Log" library="BuiltIn">
<arg>"sua fruta é: ${FRUTAS}"</arg>
<doc>Logs the given message with the given level.</doc>
<msg timestamp="20230808 17:32:46.248" level="INFO">"sua fruta é: maca"</msg>
<status status="PASS" starttime="20230808 17:32:46.248" endtime="20230808 17:32:46.248"/>
</kw>
<status status="PASS" starttime="20230808 17:32:46.247" endtime="20230808 17:32:46.248"/>
</iter>
<iter>
<var name="${FRUTAS}">banana</var>
<kw name="Log To Console" library="BuiltIn">
<arg>"sua fruta é: ${FRUTAS}"</arg>
<doc>Logs the given message to the console.</doc>
<status status="PASS" starttime="20230808 17:32:46.249" endtime="20230808 17:32:46.249"/>
</kw>
<kw name="Log" library="BuiltIn">
<arg>"sua fruta é: ${FRUTAS}"</arg>
<doc>Logs the given message with the given level.</doc>
<msg timestamp="20230808 17:32:46.250" level="INFO">"sua fruta é: banana"</msg>
<status status="PASS" starttime="20230808 17:32:46.249" endtime="20230808 17:32:46.250"/>
</kw>
<status status="PASS" starttime="20230808 17:32:46.249" endtime="20230808 17:32:46.250"/>
</iter>
<iter>
<var name="${FRUTAS}">melancia</var>
<kw name="Log To Console" library="BuiltIn">
<arg>"sua fruta é: ${FRUTAS}"</arg>
<doc>Logs the given message to the console.</doc>
<status status="PASS" starttime="20230808 17:32:46.250" endtime="20230808 17:32:46.251"/>
</kw>
<kw name="Log" library="BuiltIn">
<arg>"sua fruta é: ${FRUTAS}"</arg>
<doc>Logs the given message with the given level.</doc>
<msg timestamp="20230808 17:32:46.251" level="INFO">"sua fruta é: melancia"</msg>
<status status="PASS" starttime="20230808 17:32:46.251" endtime="20230808 17:32:46.251"/>
</kw>
<status status="PASS" starttime="20230808 17:32:46.250" endtime="20230808 17:32:46.251"/>
</iter>
<iter>
<var name="${FRUTAS}">uva</var>
<kw name="Log To Console" library="BuiltIn">
<arg>"sua fruta é: ${FRUTAS}"</arg>
<doc>Logs the given message to the console.</doc>
<status status="PASS" starttime="20230808 17:32:46.252" endtime="20230808 17:32:46.252"/>
</kw>
<kw name="Log" library="BuiltIn">
<arg>"sua fruta é: ${FRUTAS}"</arg>
<doc>Logs the given message with the given level.</doc>
<msg timestamp="20230808 17:32:46.253" level="INFO">"sua fruta é: uva"</msg>
<status status="PASS" starttime="20230808 17:32:46.253" endtime="20230808 17:32:46.254"/>
</kw>
<status status="PASS" starttime="20230808 17:32:46.252" endtime="20230808 17:32:46.254"/>
</iter>
<iter>
<var name="${FRUTAS}">abacaxi</var>
<kw name="Log To Console" library="BuiltIn">
<arg>"sua fruta é: ${FRUTAS}"</arg>
<doc>Logs the given message to the console.</doc>
<status status="PASS" starttime="20230808 17:32:46.254" endtime="20230808 17:32:46.254"/>
</kw>
<kw name="Log" library="BuiltIn">
<arg>"sua fruta é: ${FRUTAS}"</arg>
<doc>Logs the given message with the given level.</doc>
<msg timestamp="20230808 17:32:46.255" level="INFO">"sua fruta é: abacaxi"</msg>
<status status="PASS" starttime="20230808 17:32:46.255" endtime="20230808 17:32:46.255"/>
</kw>
<status status="PASS" starttime="20230808 17:32:46.254" endtime="20230808 17:32:46.255"/>
</iter>
<status status="PASS" starttime="20230808 17:32:46.245" endtime="20230808 17:32:46.255"/>
</for>
<status status="PASS" starttime="20230808 17:32:46.245" endtime="20230808 17:32:46.256"/>
</kw>
<doc>Exibir cada uma das frutas de uma lista usando um For Simples</doc>
<tag>ex3</tag>
<tag>smoke</tag>
<status status="PASS" starttime="20230808 17:32:46.243" endtime="20230808 17:32:46.256"/>
</test>
<test id="s1-s1-t4" name="CT004 - Exercício If Inline + For in Range" line="22">
<kw name="Verificar numeros pares" library="primeDesafio2KW">
<for flavor="IN RANGE">
<var>${NUMEROS}</var>
<value>0</value>
<value>11</value>
<iter>
<var name="${NUMEROS}">0</var>
<kw name="Evaluate" library="BuiltIn">
<var>${RESTO}</var>
<arg>${NUMEROS} % 2</arg>
<doc>Evaluates the given expression in Python and returns the result.</doc>
<msg timestamp="20230808 17:32:46.259" level="INFO">${RESTO} = 0</msg>
<status status="PASS" starttime="20230808 17:32:46.259" endtime="20230808 17:32:46.259"/>
</kw>
<if>
<branch type="IF" condition="${RESTO} == 0">
<kw name="Evaluate" library="BuiltIn">
<var>${NUMEROS_PARES}</var>
<arg>${NUMEROS_PARES} + 1</arg>
<doc>Evaluates the given expression in Python and returns the result.</doc>
<msg timestamp="20230808 17:32:46.260" level="INFO">${NUMEROS_PARES} = 1</msg>
<status status="PASS" starttime="20230808 17:32:46.260" endtime="20230808 17:32:46.260"/>
</kw>
<status status="PASS" starttime="20230808 17:32:46.259" endtime="20230808 17:32:46.260"/>
</branch>
<status status="PASS" starttime="20230808 17:32:46.259" endtime="20230808 17:32:46.260"/>
</if>
<status status="PASS" starttime="20230808 17:32:46.258" endtime="20230808 17:32:46.260"/>
</iter>
<iter>
<var name="${NUMEROS}">1</var>
<kw name="Evaluate" library="BuiltIn">
<var>${RESTO}</var>
<arg>${NUMEROS} % 2</arg>
<doc>Evaluates the given expression in Python and returns the result.</doc>
<msg timestamp="20230808 17:32:46.261" level="INFO">${RESTO} = 1</msg>
<status status="PASS" starttime="20230808 17:32:46.260" endtime="20230808 17:32:46.261"/>
</kw>
<if>
<branch type="IF" condition="${RESTO} == 0">
<kw name="Evaluate" library="BuiltIn">
<var>${NUMEROS_PARES}</var>
<arg>${NUMEROS_PARES} + 1</arg>
<doc>Evaluates the given expression in Python and returns the result.</doc>
<status status="NOT RUN" starttime="20230808 17:32:46.261" endtime="20230808 17:32:46.261"/>
</kw>
<status status="NOT RUN" starttime="20230808 17:32:46.261" endtime="20230808 17:32:46.261"/>
</branch>
<status status="PASS" starttime="20230808 17:32:46.261" endtime="20230808 17:32:46.261"/>
</if>
<status status="PASS" starttime="20230808 17:32:46.260" endtime="20230808 17:32:46.262"/>
</iter>
<iter>
<var name="${NUMEROS}">2</var>
<kw name="Evaluate" library="BuiltIn">
<var>${RESTO}</var>
<arg>${NUMEROS} % 2</arg>
<doc>Evaluates the given expression in Python and returns the result.</doc>
<msg timestamp="20230808 17:32:46.263" level="INFO">${RESTO} = 0</msg>
<status status="PASS" starttime="20230808 17:32:46.262" endtime="20230808 17:32:46.263"/>
</kw>
<if>
<branch type="IF" condition="${RESTO} == 0">
<kw name="Evaluate" library="BuiltIn">
<var>${NUMEROS_PARES}</var>
<arg>${NUMEROS_PARES} + 1</arg>
<doc>Evaluates the given expression in Python and returns the result.</doc>
<msg timestamp="20230808 17:32:46.264" level="INFO">${NUMEROS_PARES} = 2</msg>
<status status="PASS" starttime="20230808 17:32:46.263" endtime="20230808 17:32:46.264"/>
</kw>
<status status="PASS" starttime="20230808 17:32:46.263" endtime="20230808 17:32:46.264"/>
</branch>
<status status="PASS" starttime="20230808 17:32:46.263" endtime="20230808 17:32:46.264"/>
</if>
<status status="PASS" starttime="20230808 17:32:46.262" endtime="20230808 17:32:46.264"/>
</iter>
<iter>
<var name="${NUMEROS}">3</var>
<kw name="Evaluate" library="BuiltIn">
<var>${RESTO}</var>
<arg>${NUMEROS} % 2</arg>
<doc>Evaluates the given expression in Python and returns the result.</doc>
<msg timestamp="20230808 17:32:46.266" level="INFO">${RESTO} = 1</msg>
<status status="PASS" starttime="20230808 17:32:46.265" endtime="20230808 17:32:46.266"/>
</kw>
<if>
<branch type="IF" condition="${RESTO} == 0">
<kw name="Evaluate" library="BuiltIn">
<var>${NUMEROS_PARES}</var>
<arg>${NUMEROS_PARES} + 1</arg>
<doc>Evaluates the given expression in Python and returns the result.</doc>
<status status="NOT RUN" starttime="20230808 17:32:46.266" endtime="20230808 17:32:46.266"/>
</kw>
<status status="NOT RUN" starttime="20230808 17:32:46.266" endtime="20230808 17:32:46.266"/>
</branch>
<status status="PASS" starttime="20230808 17:32:46.266" endtime="20230808 17:32:46.267"/>
</if>
<status status="PASS" starttime="20230808 17:32:46.265" endtime="20230808 17:32:46.267"/>
</iter>
<iter>
<var name="${NUMEROS}">4</var>
<kw name="Evaluate" library="BuiltIn">
<var>${RESTO}</var>
<arg>${NUMEROS} % 2</arg>
<doc>Evaluates the given expression in Python and returns the result.</doc>
<msg timestamp="20230808 17:32:46.267" level="INFO">${RESTO} = 0</msg>
<status status="PASS" starttime="20230808 17:32:46.267" endtime="20230808 17:32:46.267"/>
</kw>
<if>
<branch type="IF" condition="${RESTO} == 0">
<kw name="Evaluate" library="BuiltIn">
<var>${NUMEROS_PARES}</var>
<arg>${NUMEROS_PARES} + 1</arg>
<doc>Evaluates the given expression in Python and returns the result.</doc>
<msg timestamp="20230808 17:32:46.268" level="INFO">${NUMEROS_PARES} = 3</msg>
<status status="PASS" starttime="20230808 17:32:46.268" endtime="20230808 17:32:46.268"/>
</kw>
<status status="PASS" starttime="20230808 17:32:46.268" endtime="20230808 17:32:46.269"/>
</branch>
<status status="PASS" starttime="20230808 17:32:46.268" endtime="20230808 17:32:46.269"/>
</if>
<status status="PASS" starttime="20230808 17:32:46.267" endtime="20230808 17:32:46.269"/>
</iter>
<iter>
<var name="${NUMEROS}">5</var>
<kw name="Evaluate" library="BuiltIn">
<var>${RESTO}</var>
<arg>${NUMEROS} % 2</arg>
<doc>Evaluates the given expression in Python and returns the result.</doc>
<msg timestamp="20230808 17:32:46.270" level="INFO">${RESTO} = 1</msg>
<status status="PASS" starttime="20230808 17:32:46.269" endtime="20230808 17:32:46.270"/>
</kw>
<if>
<branch type="IF" condition="${RESTO} == 0">
<kw name="Evaluate" library="BuiltIn">
<var>${NUMEROS_PARES}</var>
<arg>${NUMEROS_PARES} + 1</arg>
<doc>Evaluates the given expression in Python and returns the result.</doc>
<status status="NOT RUN" starttime="20230808 17:32:46.271" endtime="20230808 17:32:46.271"/>
</kw>
<status status="NOT RUN" starttime="20230808 17:32:46.270" endtime="20230808 17:32:46.271"/>
</branch>
<status status="PASS" starttime="20230808 17:32:46.270" endtime="20230808 17:32:46.271"/>
</if>
<status status="PASS" starttime="20230808 17:32:46.269" endtime="20230808 17:32:46.271"/>
</iter>
<iter>
<var name="${NUMEROS}">6</var>
<kw name="Evaluate" library="BuiltIn">
<var>${RESTO}</var>
<arg>${NUMEROS} % 2</arg>
<doc>Evaluates the given expression in Python and returns the result.</doc>
<msg timestamp="20230808 17:32:46.272" level="INFO">${RESTO} = 0</msg>
<status status="PASS" starttime="20230808 17:32:46.271" endtime="20230808 17:32:46.272"/>
</kw>
<if>
<branch type="IF" condition="${RESTO} == 0">
<kw name="Evaluate" library="BuiltIn">
<var>${NUMEROS_PARES}</var>
<arg>${NUMEROS_PARES} + 1</arg>
<doc>Evaluates the given expression in Python and returns the result.</doc>
<msg timestamp="20230808 17:32:46.274" level="INFO">${NUMEROS_PARES} = 4</msg>
<status status="PASS" starttime="20230808 17:32:46.273" endtime="20230808 17:32:46.274"/>
</kw>
<status status="PASS" starttime="20230808 17:32:46.273" endtime="20230808 17:32:46.274"/>
</branch>
<status status="PASS" starttime="20230808 17:32:46.272" endtime="20230808 17:32:46.274"/>
</if>
<status status="PASS" starttime="20230808 17:32:46.271" endtime="20230808 17:32:46.274"/>
</iter>
<iter>
<var name="${NUMEROS}">7</var>
<kw name="Evaluate" library="BuiltIn">
<var>${RESTO}</var>
<arg>${NUMEROS} % 2</arg>
<doc>Evaluates the given expression in Python and returns the result.</doc>
<msg timestamp="20230808 17:32:46.274" level="INFO">${RESTO} = 1</msg>
<status status="PASS" starttime="20230808 17:32:46.274" endtime="20230808 17:32:46.275"/>
</kw>
<if>
<branch type="IF" condition="${RESTO} == 0">
<kw name="Evaluate" library="BuiltIn">
<var>${NUMEROS_PARES}</var>
<arg>${NUMEROS_PARES} + 1</arg>
<doc>Evaluates the given expression in Python and returns the result.</doc>
<status status="NOT RUN" starttime="20230808 17:32:46.275" endtime="20230808 17:32:46.275"/>
</kw>
<status status="NOT RUN" starttime="20230808 17:32:46.275" endtime="20230808 17:32:46.275"/>
</branch>
<status status="PASS" starttime="20230808 17:32:46.275" endtime="20230808 17:32:46.275"/>
</if>
<status status="PASS" starttime="20230808 17:32:46.274" endtime="20230808 17:32:46.275"/>
</iter>
<iter>
<var name="${NUMEROS}">8</var>
<kw name="Evaluate" library="BuiltIn">
<var>${RESTO}</var>
<arg>${NUMEROS} % 2</arg>
<doc>Evaluates the given expression in Python and returns the result.</doc>
<msg timestamp="20230808 17:32:46.276" level="INFO">${RESTO} = 0</msg>
<status status="PASS" starttime="20230808 17:32:46.275" endtime="20230808 17:32:46.276"/>
</kw>
<if>
<branch type="IF" condition="${RESTO} == 0">
<kw name="Evaluate" library="BuiltIn">
<var>${NUMEROS_PARES}</var>
<arg>${NUMEROS_PARES} + 1</arg>
<doc>Evaluates the given expression in Python and returns the result.</doc>
<msg timestamp="20230808 17:32:46.277" level="INFO">${NUMEROS_PARES} = 5</msg>
<status status="PASS" starttime="20230808 17:32:46.277" endtime="20230808 17:32:46.277"/>
</kw>
<status status="PASS" starttime="20230808 17:32:46.276" endtime="20230808 17:32:46.277"/>
</branch>
<status status="PASS" starttime="20230808 17:32:46.276" endtime="20230808 17:32:46.277"/>
</if>
<status status="PASS" starttime="20230808 17:32:46.275" endtime="20230808 17:32:46.277"/>
</iter>
<iter>
<var name="${NUMEROS}">9</var>
<kw name="Evaluate" library="BuiltIn">
<var>${RESTO}</var>
<arg>${NUMEROS} % 2</arg>
<doc>Evaluates the given expression in Python and returns the result.</doc>
<msg timestamp="20230808 17:32:46.278" level="INFO">${RESTO} = 1</msg>
<status status="PASS" starttime="20230808 17:32:46.278" endtime="20230808 17:32:46.278"/>
</kw>
<if>
<branch type="IF" condition="${RESTO} == 0">
<kw name="Evaluate" library="BuiltIn">
<var>${NUMEROS_PARES}</var>
<arg>${NUMEROS_PARES} + 1</arg>
<doc>Evaluates the given expression in Python and returns the result.</doc>
<status status="NOT RUN" starttime="20230808 17:32:46.278" endtime="20230808 17:32:46.278"/>
</kw>
<status status="NOT RUN" starttime="20230808 17:32:46.278" endtime="20230808 17:32:46.278"/>
</branch>
<status status="PASS" starttime="20230808 17:32:46.278" endtime="20230808 17:32:46.279"/>
</if>
<status status="PASS" starttime="20230808 17:32:46.277" endtime="20230808 17:32:46.279"/>
</iter>
<iter>
<var name="${NUMEROS}">10</var>
<kw name="Evaluate" library="BuiltIn">
<var>${RESTO}</var>
<arg>${NUMEROS} % 2</arg>
<doc>Evaluates the given expression in Python and returns the result.</doc>
<msg timestamp="20230808 17:32:46.279" level="INFO">${RESTO} = 0</msg>
<status status="PASS" starttime="20230808 17:32:46.279" endtime="20230808 17:32:46.279"/>
</kw>
<if>
<branch type="IF" condition="${RESTO} == 0">
<kw name="Evaluate" library="BuiltIn">
<var>${NUMEROS_PARES}</var>
<arg>${NUMEROS_PARES} + 1</arg>
<doc>Evaluates the given expression in Python and returns the result.</doc>
<msg timestamp="20230808 17:32:46.280" level="INFO">${NUMEROS_PARES} = 6</msg>
<status status="PASS" starttime="20230808 17:32:46.280" endtime="20230808 17:32:46.280"/>
</kw>
<status status="PASS" starttime="20230808 17:32:46.280" endtime="20230808 17:32:46.280"/>
</branch>
<status status="PASS" starttime="20230808 17:32:46.279" endtime="20230808 17:32:46.280"/>
</if>
<status status="PASS" starttime="20230808 17:32:46.279" endtime="20230808 17:32:46.280"/>
</iter>
<status status="PASS" starttime="20230808 17:32:46.258" endtime="20230808 17:32:46.280"/>
</for>
<kw name="Log" library="BuiltIn">
<arg>"de 0 ate ${NUMEROS} existem ${NUMEROS_PARES} numeros pares (contando com o 0)"</arg>
<doc>Logs the given message with the given level.</doc>
<msg timestamp="20230808 17:32:46.281" level="INFO">"de 0 ate 10 existem 6 numeros pares (contando com o 0)"</msg>
<status status="PASS" starttime="20230808 17:32:46.280" endtime="20230808 17:32:46.281"/>
</kw>
<kw name="Log To Console" library="BuiltIn">
<arg>"de 0 ate ${NUMEROS} existem ${NUMEROS_PARES} numeros pares (contando com o 0)"</arg>
<doc>Logs the given message to the console.</doc>
<status status="PASS" starttime="20230808 17:32:46.281" endtime="20230808 17:32:46.281"/>
</kw>
<status status="PASS" starttime="20230808 17:32:46.258" endtime="20230808 17:32:46.282"/>
</kw>
<doc>Crie um loop que conte quantos números par existem entre 0 e 10, usando if inline</doc>
<tag>ex4</tag>
<tag>smoke</tag>
<status status="PASS" starttime="20230808 17:32:46.257" endtime="20230808 17:32:46.282"/>
</test>
<test id="s1-s1-t5" name="EXTRA - Exercício Try + Except + Finally" line="27">
<kw name="Separar numeros da lista" library="primeDesafio2KW">
<for flavor="IN">
<var>${ITEM}</var>
<value>@{LISTA}</value>
<iter>
<var name="${ITEM}">A</var>
<try>
<branch type="TRY">
<kw name="Convert To Integer" library="BuiltIn">
<var>${NUM_INT}</var>
<arg>${ITEM}</arg>
<doc>Converts the given item to an integer number.</doc>
<msg timestamp="20230808 17:32:46.287" level="FAIL">'A' cannot be converted to an integer: ValueError: invalid literal for int() with base 10: 'a'</msg>
<status status="FAIL" starttime="20230808 17:32:46.286" endtime="20230808 17:32:46.298"/>
</kw>
<kw name="Append To List" library="Collections">
<arg>${NUM_LIST}</arg>
<doc>Adds ``values`` to the end of ``list``.</doc>
<status status="NOT RUN" starttime="20230808 17:32:46.299" endtime="20230808 17:32:46.299"/>
</kw>
<status status="FAIL" starttime="20230808 17:32:46.285" endtime="20230808 17:32:46.299"/>
</branch>
<branch type="EXCEPT">
<kw name="Log" library="BuiltIn">
<arg>${MENSAGEM_ERRO}</arg>
<doc>Logs the given message with the given level.</doc>
<msg timestamp="20230808 17:32:46.300" level="INFO">Este item da lista é um Caractere</msg>
<status status="PASS" starttime="20230808 17:32:46.299" endtime="20230808 17:32:46.300"/>
</kw>
<status status="PASS" starttime="20230808 17:32:46.299" endtime="20230808 17:32:46.300"/>
</branch>
<branch type="FINALLY">
<kw name="Log" library="BuiltIn">
<arg>Nova lista de numeros: ${NUM_LIST}</arg>
<doc>Logs the given message with the given level.</doc>
<msg timestamp="20230808 17:32:46.300" level="INFO">Nova lista de numeros: []</msg>
<status status="PASS" starttime="20230808 17:32:46.300" endtime="20230808 17:32:46.300"/>
</kw>
<kw name="Log To Console" library="BuiltIn">
<arg>Nova lista de numeros: ${NUM_LIST}</arg>
<doc>Logs the given message to the console.</doc>
<status status="PASS" starttime="20230808 17:32:46.301" endtime="20230808 17:32:46.301"/>
</kw>
<status status="PASS" starttime="20230808 17:32:46.300" endtime="20230808 17:32:46.301"/>
</branch>
<status status="PASS" starttime="20230808 17:32:46.285" endtime="20230808 17:32:46.301"/>
</try>
<status status="PASS" starttime="20230808 17:32:46.285" endtime="20230808 17:32:46.301"/>
</iter>
<iter>
<var name="${ITEM}">1</var>
<try>
<branch type="TRY">
<kw name="Convert To Integer" library="BuiltIn">
<var>${NUM_INT}</var>
<arg>${ITEM}</arg>
<doc>Converts the given item to an integer number.</doc>
<msg timestamp="20230808 17:32:46.302" level="INFO">${NUM_INT} = 1</msg>
<status status="PASS" starttime="20230808 17:32:46.302" endtime="20230808 17:32:46.302"/>
</kw>
<kw name="Append To List" library="Collections">
<arg>${NUM_LIST}</arg>
<doc>Adds ``values`` to the end of ``list``.</doc>
<status status="PASS" starttime="20230808 17:32:46.302" endtime="20230808 17:32:46.303"/>
</kw>
<status status="PASS" starttime="20230808 17:32:46.301" endtime="20230808 17:32:46.303"/>
</branch>
<branch type="EXCEPT">
<kw name="Log" library="BuiltIn">
<arg>${MENSAGEM_ERRO}</arg>
<doc>Logs the given message with the given level.</doc>
<status status="NOT RUN" starttime="20230808 17:32:46.303" endtime="20230808 17:32:46.303"/>
</kw>
<status status="NOT RUN" starttime="20230808 17:32:46.303" endtime="20230808 17:32:46.303"/>
</branch>
<branch type="FINALLY">
<kw name="Log" library="BuiltIn">
<arg>Nova lista de numeros: ${NUM_LIST}</arg>
<doc>Logs the given message with the given level.</doc>
<msg timestamp="20230808 17:32:46.304" level="INFO">Nova lista de numeros: []</msg>
<status status="PASS" starttime="20230808 17:32:46.303" endtime="20230808 17:32:46.304"/>
</kw>
<kw name="Log To Console" library="BuiltIn">
<arg>Nova lista de numeros: ${NUM_LIST}</arg>
<doc>Logs the given message to the console.</doc>
<status status="PASS" starttime="20230808 17:32:46.304" endtime="20230808 17:32:46.304"/>
</kw>
<status status="PASS" starttime="20230808 17:32:46.303" endtime="20230808 17:32:46.304"/>
</branch>
<status status="PASS" starttime="20230808 17:32:46.301" endtime="20230808 17:32:46.304"/>
</try>
<status status="PASS" starttime="20230808 17:32:46.301" endtime="20230808 17:32:46.304"/>
</iter>
<iter>
<var name="${ITEM}">B</var>
<try>
<branch type="TRY">
<kw name="Convert To Integer" library="BuiltIn">
<var>${NUM_INT}</var>
<arg>${ITEM}</arg>
<doc>Converts the given item to an integer number.</doc>
<msg timestamp="20230808 17:32:46.306" level="FAIL">'B' cannot be converted to an integer: ValueError: invalid literal for int() with base 10: 'b'</msg>
<status status="FAIL" starttime="20230808 17:32:46.305" endtime="20230808 17:32:46.306"/>
</kw>
<kw name="Append To List" library="Collections">
<arg>${NUM_LIST}</arg>
<doc>Adds ``values`` to the end of ``list``.</doc>
<status status="NOT RUN" starttime="20230808 17:32:46.307" endtime="20230808 17:32:46.307"/>
</kw>
<status status="FAIL" starttime="20230808 17:32:46.305" endtime="20230808 17:32:46.307"/>
</branch>
<branch type="EXCEPT">
<kw name="Log" library="BuiltIn">
<arg>${MENSAGEM_ERRO}</arg>
<doc>Logs the given message with the given level.</doc>
<msg timestamp="20230808 17:32:46.307" level="INFO">Este item da lista é um Caractere</msg>
<status status="PASS" starttime="20230808 17:32:46.307" endtime="20230808 17:32:46.307"/>
</kw>
<status status="PASS" starttime="20230808 17:32:46.307" endtime="20230808 17:32:46.307"/>
</branch>
<branch type="FINALLY">
<kw name="Log" library="BuiltIn">
<arg>Nova lista de numeros: ${NUM_LIST}</arg>
<doc>Logs the given message with the given level.</doc>
<msg timestamp="20230808 17:32:46.308" level="INFO">Nova lista de numeros: []</msg>
<status status="PASS" starttime="20230808 17:32:46.308" endtime="20230808 17:32:46.308"/>
</kw>
<kw name="Log To Console" library="BuiltIn">
<arg>Nova lista de numeros: ${NUM_LIST}</arg>
<doc>Logs the given message to the console.</doc>
<status status="PASS" starttime="20230808 17:32:46.308" endtime="20230808 17:32:46.308"/>
</kw>
<status status="PASS" starttime="20230808 17:32:46.307" endtime="20230808 17:32:46.308"/>
</branch>
<status status="PASS" starttime="20230808 17:32:46.305" endtime="20230808 17:32:46.308"/>
</try>
<status status="PASS" starttime="20230808 17:32:46.305" endtime="20230808 17:32:46.309"/>
</iter>
<iter>
<var name="${ITEM}">2</var>
<try>
<branch type="TRY">
<kw name="Convert To Integer" library="BuiltIn">
<var>${NUM_INT}</var>
<arg>${ITEM}</arg>
<doc>Converts the given item to an integer number.</doc>
<msg timestamp="20230808 17:32:46.309" level="INFO">${NUM_INT} = 2</msg>
<status status="PASS" starttime="20230808 17:32:46.309" endtime="20230808 17:32:46.309"/>
</kw>
<kw name="Append To List" library="Collections">
<arg>${NUM_LIST}</arg>
<doc>Adds ``values`` to the end of ``list``.</doc>
<status status="PASS" starttime="20230808 17:32:46.310" endtime="20230808 17:32:46.310"/>
</kw>
<status status="PASS" starttime="20230808 17:32:46.309" endtime="20230808 17:32:46.310"/>
</branch>
<branch type="EXCEPT">
<kw name="Log" library="BuiltIn">
<arg>${MENSAGEM_ERRO}</arg>
<doc>Logs the given message with the given level.</doc>
<status status="NOT RUN" starttime="20230808 17:32:46.310" endtime="20230808 17:32:46.310"/>
</kw>
<status status="NOT RUN" starttime="20230808 17:32:46.310" endtime="20230808 17:32:46.310"/>
</branch>
<branch type="FINALLY">
<kw name="Log" library="BuiltIn">
<arg>Nova lista de numeros: ${NUM_LIST}</arg>
<doc>Logs the given message with the given level.</doc>
<msg timestamp="20230808 17:32:46.311" level="INFO">Nova lista de numeros: []</msg>
<status status="PASS" starttime="20230808 17:32:46.310" endtime="20230808 17:32:46.311"/>
</kw>
<kw name="Log To Console" library="BuiltIn">
<arg>Nova lista de numeros: ${NUM_LIST}</arg>
<doc>Logs the given message to the console.</doc>
<status status="PASS" starttime="20230808 17:32:46.311" endtime="20230808 17:32:46.311"/>
</kw>
<status status="PASS" starttime="20230808 17:32:46.310" endtime="20230808 17:32:46.311"/>
</branch>
<status status="PASS" starttime="20230808 17:32:46.309" endtime="20230808 17:32:46.311"/>
</try>
<status status="PASS" starttime="20230808 17:32:46.309" endtime="20230808 17:32:46.311"/>
</iter>
<iter>
<var name="${ITEM}">C</var>
<try>
<branch type="TRY">
<kw name="Convert To Integer" library="BuiltIn">
<var>${NUM_INT}</var>
<arg>${ITEM}</arg>
<doc>Converts the given item to an integer number.</doc>
<msg timestamp="20230808 17:32:46.313" level="FAIL">'C' cannot be converted to an integer: ValueError: invalid literal for int() with base 10: 'c'</msg>
<status status="FAIL" starttime="20230808 17:32:46.312" endtime="20230808 17:32:46.313"/>
</kw>
<kw name="Append To List" library="Collections">
<arg>${NUM_LIST}</arg>
<doc>Adds ``values`` to the end of ``list``.</doc>
<status status="NOT RUN" starttime="20230808 17:32:46.313" endtime="20230808 17:32:46.313"/>
</kw>
<status status="FAIL" starttime="20230808 17:32:46.312" endtime="20230808 17:32:46.313"/>
</branch>
<branch type="EXCEPT">
<kw name="Log" library="BuiltIn">
<arg>${MENSAGEM_ERRO}</arg>
<doc>Logs the given message with the given level.</doc>
<msg timestamp="20230808 17:32:46.314" level="INFO">Este item da lista é um Caractere</msg>
<status status="PASS" starttime="20230808 17:32:46.314" endtime="20230808 17:32:46.314"/>
</kw>
<status status="PASS" starttime="20230808 17:32:46.314" endtime="20230808 17:32:46.314"/>
</branch>
<branch type="FINALLY">
<kw name="Log" library="BuiltIn">
<arg>Nova lista de numeros: ${NUM_LIST}</arg>
<doc>Logs the given message with the given level.</doc>
<msg timestamp="20230808 17:32:46.315" level="INFO">Nova lista de numeros: []</msg>
<status status="PASS" starttime="20230808 17:32:46.314" endtime="20230808 17:32:46.315"/>
</kw>
<kw name="Log To Console" library="BuiltIn">
<arg>Nova lista de numeros: ${NUM_LIST}</arg>
<doc>Logs the given message to the console.</doc>
<status status="PASS" starttime="20230808 17:32:46.315" endtime="20230808 17:32:46.315"/>
</kw>
<status status="PASS" starttime="20230808 17:32:46.314" endtime="20230808 17:32:46.315"/>
</branch>
<status status="PASS" starttime="20230808 17:32:46.312" endtime="20230808 17:32:46.315"/>
</try>
<status status="PASS" starttime="20230808 17:32:46.311" endtime="20230808 17:32:46.316"/>
</iter>
<iter>
<var name="${ITEM}">3</var>
<try>
<branch type="TRY">
<kw name="Convert To Integer" library="BuiltIn">
<var>${NUM_INT}</var>
<arg>${ITEM}</arg>
<doc>Converts the given item to an integer number.</doc>
<msg timestamp="20230808 17:32:46.316" level="INFO">${NUM_INT} = 3</msg>
<status status="PASS" starttime="20230808 17:32:46.316" endtime="20230808 17:32:46.316"/>
</kw>
<kw name="Append To List" library="Collections">
<arg>${NUM_LIST}</arg>
<doc>Adds ``values`` to the end of ``list``.</doc>
<status status="PASS" starttime="20230808 17:32:46.317" endtime="20230808 17:32:46.317"/>
</kw>
<status status="PASS" starttime="20230808 17:32:46.316" endtime="20230808 17:32:46.317"/>
</branch>
<branch type="EXCEPT">
<kw name="Log" library="BuiltIn">
<arg>${MENSAGEM_ERRO}</arg>
<doc>Logs the given message with the given level.</doc>
<status status="NOT RUN" starttime="20230808 17:32:46.317" endtime="20230808 17:32:46.317"/>
</kw>
<status status="NOT RUN" starttime="20230808 17:32:46.317" endtime="20230808 17:32:46.317"/>
</branch>
<branch type="FINALLY">
<kw name="Log" library="BuiltIn">
<arg>Nova lista de numeros: ${NUM_LIST}</arg>
<doc>Logs the given message with the given level.</doc>
<msg timestamp="20230808 17:32:46.318" level="INFO">Nova lista de numeros: []</msg>
<status status="PASS" starttime="20230808 17:32:46.317" endtime="20230808 17:32:46.318"/>
</kw>
<kw name="Log To Console" library="BuiltIn">
<arg>Nova lista de numeros: ${NUM_LIST}</arg>
<doc>Logs the given message to the console.</doc>
<status status="PASS" starttime="20230808 17:32:46.318" endtime="20230808 17:32:46.319"/>
</kw>
<status status="PASS" starttime="20230808 17:32:46.317" endtime="20230808 17:32:46.319"/>
</branch>
<status status="PASS" starttime="20230808 17:32:46.316" endtime="20230808 17:32:46.319"/>
</try>
<status status="PASS" starttime="20230808 17:32:46.316" endtime="20230808 17:32:46.319"/>
</iter>
<status status="PASS" starttime="20230808 17:32:46.285" endtime="20230808 17:32:46.319"/>
</for>
<status status="PASS" starttime="20230808 17:32:46.284" endtime="20230808 17:32:46.319"/>
</kw>
<doc>A partir da lista ["A", 1, "B", 2, "C" e 3], adicionar somente os números numa nova lista,
tratar os caracteres como exceção e exibir a nova lista a cada iteração usando Finally.</doc>
<tag>ex5</tag>
<tag>smoke</tag>
<status status="PASS" starttime="20230808 17:32:46.283" endtime="20230808 17:32:46.320"/>
</test>
<status status="PASS" starttime="20230808 17:32:45.417" endtime="20230808 17:32:46.321"/>
</suite>
<status status="PASS" starttime="20230808 17:32:45.355" endtime="20230808 17:32:46.323"/>
</suite>
<statistics>
<total>
<stat pass="5" fail="0" skip="0">All Tests</stat>
</total>
<tag>
<stat pass="1" fail="0" skip="0">ex1</stat>
<stat pass="1" fail="0" skip="0">ex2</stat>
<stat pass="1" fail="0" skip="0">ex3</stat>
<stat pass="1" fail="0" skip="0">ex4</stat>
<stat pass="1" fail="0" skip="0">ex5</stat>
<stat pass="5" fail="0" skip="0">smoke</stat>
</tag>
<suite>
<stat pass="5" fail="0" skip="0" id="s1" name="Tests">Tests</stat>
<stat pass="5" fail="0" skip="0" id="s1-s1" name="primeDesafio2">Tests.primeDesafio2</stat>
</suite>
</statistics>
<errors>
</errors>
</robot>
